0 info it worked if it ends with ok
1 verbose cli [ '/usr/local/bin/node', '/usr/local/bin/npm', 'run', 'build' ]
2 info using npm@3.7.3
3 info using node@v5.8.0
4 verbose run-script [ 'prebuild', 'build', 'postbuild' ]
5 info lifecycle react-mega-sidenav@0.0.1~prebuild: react-mega-sidenav@0.0.1
6 silly lifecycle react-mega-sidenav@0.0.1~prebuild: no script for prebuild, continuing
7 info lifecycle react-mega-sidenav@0.0.1~build: react-mega-sidenav@0.0.1
8 verbose lifecycle react-mega-sidenav@0.0.1~build: unsafe-perm in lifecycle true
9 verbose lifecycle react-mega-sidenav@0.0.1~build: PATH: /usr/local/lib/node_modules/npm/bin/node-gyp-bin:/Library/WebServer/Documents/react-mega-sidenav/node_modules/.bin:/usr/local/bin:/opt/local/bin:/opt/local/sbin:/usr/local/bin:/usr/bin:/bin:/usr/sbin:/sbin:/usr/local/git/bin:/usr/local/go/bin:/Applications/apache-maven-3.1.1/bin
10 verbose lifecycle react-mega-sidenav@0.0.1~build: CWD: /Library/WebServer/Documents/react-mega-sidenav
11 silly lifecycle react-mega-sidenav@0.0.1~build: Args: [ '-c',
11 silly lifecycle   'babel src --presets babel-preset-es2015 --out-dir build' ]
12 silly lifecycle react-mega-sidenav@0.0.1~build: Returned: code: 1  signal: null
13 info lifecycle react-mega-sidenav@0.0.1~build: Failed to exec build script
14 verbose stack Error: react-mega-sidenav@0.0.1 build: `babel src --presets babel-preset-es2015 --out-dir build`
14 verbose stack Exit status 1
14 verbose stack     at EventEmitter.<anonymous> (/usr/local/lib/node_modules/npm/lib/utils/lifecycle.js:239:16)
14 verbose stack     at emitTwo (events.js:100:13)
14 verbose stack     at EventEmitter.emit (events.js:185:7)
14 verbose stack     at ChildProcess.<anonymous> (/usr/local/lib/node_modules/npm/lib/utils/spawn.js:24:14)
14 verbose stack     at emitTwo (events.js:100:13)
14 verbose stack     at ChildProcess.emit (events.js:185:7)
14 verbose stack     at maybeClose (internal/child_process.js:850:16)
14 verbose stack     at Process.ChildProcess._handle.onexit (internal/child_process.js:215:5)
15 verbose pkgid react-mega-sidenav@0.0.1
16 verbose cwd /Library/WebServer/Documents/react-mega-sidenav
17 error Darwin 14.3.0
18 error argv "/usr/local/bin/node" "/usr/local/bin/npm" "run" "build"
19 error node v5.8.0
20 error npm  v3.7.3
21 error code ELIFECYCLE
22 error react-mega-sidenav@0.0.1 build: `babel src --presets babel-preset-es2015 --out-dir build`
22 error Exit status 1
23 error Failed at the react-mega-sidenav@0.0.1 build script 'babel src --presets babel-preset-es2015 --out-dir build'.
23 error Make sure you have the latest version of node.js and npm installed.
23 error If you do, this is most likely a problem with the react-mega-sidenav package,
23 error not with npm itself.
23 error Tell the author that this fails on your system:
23 error     babel src --presets babel-preset-es2015 --out-dir build
23 error You can get information on how to open an issue for this project with:
23 error     npm bugs react-mega-sidenav
23 error Or if that isn't available, you can get their info via:
23 error     npm owner ls react-mega-sidenav
23 error There is likely additional logging output above.
24 verbose exit [ 1, true ]
